<?xml version="1.0" encoding="UTF-8"?>
<!-- Generated by org.testng.reporters.JUnitReportReporter -->
<testsuite hostname="Muskan" failures="0" tests="1" name="com.app.KoinxAssignment.Task2Get" time="8.416" errors="0" timestamp="2023-02-09T18:50:13 IST" skipped="0">
  <testcase classname="com.app.KoinxAssignment.Task2Get" name="getReq" time="8.416"/>
  <system-out/>
</testsuite> <!-- com.app.KoinxAssignment.Task2Get -->
