<?xml version="1.0" encoding="UTF-8"?>
<!-- Generated by org.testng.reporters.JUnitReportReporter -->
<testsuite hostname="Muskan" failures="1" tests="1" name="com.app.KoinxAssignment.Task1Post" time="4.905" errors="0" timestamp="2023-02-08T19:03:11 IST" skipped="0">
  <testcase classname="com.app.KoinxAssignment.Task1Post" name="getReq" time="4.905">
    <failure message="
Expected: The content to match the given JSON schema.
warning: the following keywords are unknown and will be ignored: [$id, examples]
    level: &quot;warning&quot;
    schema: {&quot;loadingURI&quot;:&quot;file:/F:/eclipse-workspace/KoinxAssignment/target/test-classes/resources/GetRepoSchema.json#&quot;,&quot;pointer&quot;:&quot;&quot;}
    domain: &quot;syntax&quot;
    ignored: [&quot;$id&quot;,&quot;examples&quot;]
warning: the following keywords are unknown and will be ignored: [examples]
    level: &quot;warning&quot;
    schema: {&quot;loadingURI&quot;:&quot;file:/F:/eclipse-workspace/KoinxAssignment/target/test-classes/resources/GetRepoSchema.json#&quot;,&quot;pointer&quot;:&quot;/properties/created_at&quot;}
    domain: &quot;syntax&quot;
    ignored: [&quot;examples&quot;]
warning: the following keywords are unknown and will be ignored: [examples]
    level: &quot;warning&quot;
    schema: {&quot;loadingURI&quot;:&quot;file:/F:/eclipse-workspace/KoinxAssignment/target/test-classes/resources/GetRepoSchema.json#&quot;,&quot;pointer&quot;:&quot;/properties/id&quot;}
    domain: &quot;syntax&quot;
    ignored: [&quot;examples&quot;]
warning: the following keywords are unknown and will be ignored: [examples]
    level: &quot;warning&quot;
    schema: {&quot;loadingURI&quot;:&quot;file:/F:/eclipse-workspace/KoinxAssignment/target/test-classes/resources/GetRepoSchema.json#&quot;,&quot;pointer&quot;:&quot;/properties/receivedCoin&quot;}
    domain: &quot;syntax&quot;
    ignored: [&quot;examples&quot;]
warning: the following keywords are unknown and will be ignored: [examples]
    level: &quot;warning&quot;
    schema: {&quot;loadingURI&quot;:&quot;file:/F:/eclipse-workspace/KoinxAssignment/target/test-classes/resources/GetRepoSchema.json#&quot;,&quot;pointer&quot;:&quot;/properties/receivedCoinAmount&quot;}
    domain: &quot;syntax&quot;
    ignored: [&quot;examples&quot;]
warning: the following keywords are unknown and will be ignored: [examples]
    level: &quot;warning&quot;
    schema: {&quot;loadingURI&quot;:&quot;file:/F:/eclipse-workspace/KoinxAssignment/target/test-classes/resources/GetRepoSchema.json#&quot;,&quot;pointer&quot;:&quot;/properties/receivedCoinMarketPrice&quot;}
    domain: &quot;syntax&quot;
    ignored: [&quot;examples&quot;]
warning: the following keywords are unknown and will be ignored: [examples]
    level: &quot;warning&quot;
    schema: {&quot;loadingURI&quot;:&quot;file:/F:/eclipse-workspace/KoinxAssignment/target/test-classes/resources/GetRepoSchema.json#&quot;,&quot;pointer&quot;:&quot;/properties/sentCoin&quot;}
    domain: &quot;syntax&quot;
    ignored: [&quot;examples&quot;]
warning: the following keywords are unknown and will be ignored: [examples]
    level: &quot;warning&quot;
    schema: {&quot;loadingURI&quot;:&quot;file:/F:/eclipse-workspace/KoinxAssignment/target/test-classes/resources/GetRepoSchema.json#&quot;,&quot;pointer&quot;:&quot;/properties/sentCoinAmount&quot;}
    domain: &quot;syntax&quot;
    ignored: [&quot;examples&quot;]
error: object has missing required properties ([&quot;created_at&quot;,&quot;id&quot;,&quot;receivedCoin&quot;,&quot;receivedCoinAmount&quot;,&quot;receivedCoinMarketPrice&quot;,&quot;sentCoin&quot;,&quot;sentCoinAmount&quot;])
    level: &quot;error&quot;
    schema: {&quot;loadingURI&quot;:&quot;file:/F:/eclipse-workspace/KoinxAssignment/target/test-classes/resources/GetRepoSchema.json#&quot;,&quot;pointer&quot;:&quot;&quot;}
    instance: {&quot;pointer&quot;:&quot;&quot;}
    domain: &quot;validation&quot;
    keyword: &quot;required&quot;
    required: [&quot;created_at&quot;,&quot;id&quot;,&quot;receivedCoin&quot;,&quot;receivedCoinAmount&quot;,&quot;receivedCoinMarketPrice&quot;,&quot;sentCoin&quot;,&quot;sentCoinAmount&quot;]
    missing: [&quot;created_at&quot;,&quot;id&quot;,&quot;receivedCoin&quot;,&quot;receivedCoinAmount&quot;,&quot;receivedCoinMarketPrice&quot;,&quot;sentCoin&quot;,&quot;sentCoinAmount&quot;]

     but: was &quot;{\n    \&quot;code\&quot;: \&quot;ERROR_CODE_INPUT_ERROR\&quot;,\n    \&quot;message\&quot;: \&quot;Value \\\&quot;0\\\&quot; is less than the minimum value of 1\&quot;,\n    \&quot;payload\&quot;: {\n        \&quot;param\&quot;: \&quot;transaction_id\&quot;\n    }\n}&quot;" type="java.lang.AssertionError">
      <![CDATA[java.lang.AssertionError: 
Expected: The content to match the given JSON schema.
warning: the following keywords are unknown and will be ignored: [$id, examples]
    level: "warning"
    schema: {"loadingURI":"file:/F:/eclipse-workspace/KoinxAssignment/target/test-classes/resources/GetRepoSchema.json#","pointer":""}
    domain: "syntax"
    ignored: ["$id","examples"]
warning: the following keywords are unknown and will be ignored: [examples]
    level: "warning"
    schema: {"loadingURI":"file:/F:/eclipse-workspace/KoinxAssignment/target/test-classes/resources/GetRepoSchema.json#","pointer":"/properties/created_at"}
    domain: "syntax"
    ignored: ["examples"]
warning: the following keywords are unknown and will be ignored: [examples]
    level: "warning"
    schema: {"loadingURI":"file:/F:/eclipse-workspace/KoinxAssignment/target/test-classes/resources/GetRepoSchema.json#","pointer":"/properties/id"}
    domain: "syntax"
    ignored: ["examples"]
warning: the following keywords are unknown and will be ignored: [examples]
    level: "warning"
    schema: {"loadingURI":"file:/F:/eclipse-workspace/KoinxAssignment/target/test-classes/resources/GetRepoSchema.json#","pointer":"/properties/receivedCoin"}
    domain: "syntax"
    ignored: ["examples"]
warning: the following keywords are unknown and will be ignored: [examples]
    level: "warning"
    schema: {"loadingURI":"file:/F:/eclipse-workspace/KoinxAssignment/target/test-classes/resources/GetRepoSchema.json#","pointer":"/properties/receivedCoinAmount"}
    domain: "syntax"
    ignored: ["examples"]
warning: the following keywords are unknown and will be ignored: [examples]
    level: "warning"
    schema: {"loadingURI":"file:/F:/eclipse-workspace/KoinxAssignment/target/test-classes/resources/GetRepoSchema.json#","pointer":"/properties/receivedCoinMarketPrice"}
    domain: "syntax"
    ignored: ["examples"]
warning: the following keywords are unknown and will be ignored: [examples]
    level: "warning"
    schema: {"loadingURI":"file:/F:/eclipse-workspace/KoinxAssignment/target/test-classes/resources/GetRepoSchema.json#","pointer":"/properties/sentCoin"}
    domain: "syntax"
    ignored: ["examples"]
warning: the following keywords are unknown and will be ignored: [examples]
    level: "warning"
    schema: {"loadingURI":"file:/F:/eclipse-workspace/KoinxAssignment/target/test-classes/resources/GetRepoSchema.json#","pointer":"/properties/sentCoinAmount"}
    domain: "syntax"
    ignored: ["examples"]
error: object has missing required properties (["created_at","id","receivedCoin","receivedCoinAmount","receivedCoinMarketPrice","sentCoin","sentCoinAmount"])
    level: "error"
    schema: {"loadingURI":"file:/F:/eclipse-workspace/KoinxAssignment/target/test-classes/resources/GetRepoSchema.json#","pointer":""}
    instance: {"pointer":""}
    domain: "validation"
    keyword: "required"
    required: ["created_at","id","receivedCoin","receivedCoinAmount","receivedCoinMarketPrice","sentCoin","sentCoinAmount"]
    missing: ["created_at","id","receivedCoin","receivedCoinAmount","receivedCoinMarketPrice","sentCoin","sentCoinAmount"]

     but: was "{\n    \"code\": \"ERROR_CODE_INPUT_ERROR\",\n    \"message\": \"Value \\\"0\\\" is less than the minimum value of 1\",\n    \"payload\": {\n        \"param\": \"transaction_id\"\n    }\n}"
at org.hamcrest.MatcherAssert.assertThat(MatcherAssert.java:18)
at org.hamcrest.MatcherAssert.assertThat(MatcherAssert.java:6)
at com.app.KoinxAssignment.Task1Post.getReq(Task1Post.java:68)
at java.base/jdk.internal.reflect.NativeMethodAccessorImpl.invoke0(Native Method)
at java.base/jdk.internal.reflect.NativeMethodAccessorImpl.invoke(NativeMethodAccessorImpl.java:77)
at java.base/jdk.internal.reflect.DelegatingMethodAccessorImpl.invoke(DelegatingMethodAccessorImpl.java:43)
at java.base/java.lang.reflect.Method.invoke(Method.java:568)
at org.testng.internal.invokers.MethodInvocationHelper.invokeMethod(MethodInvocationHelper.java:139)
at org.testng.internal.invokers.TestInvoker.invokeMethod(TestInvoker.java:677)
at org.testng.internal.invokers.TestInvoker.invokeTestMethod(TestInvoker.java:221)
at org.testng.internal.invokers.MethodRunner.runInSequence(MethodRunner.java:50)
at org.testng.internal.invokers.TestInvoker$MethodInvocationAgent.invoke(TestInvoker.java:969)
at org.testng.internal.invokers.TestInvoker.invokeTestMethods(TestInvoker.java:194)
at org.testng.internal.invokers.TestMethodWorker.invokeTestMethods(TestMethodWorker.java:148)
at org.testng.internal.invokers.TestMethodWorker.run(TestMethodWorker.java:128)
at java.base/java.util.ArrayList.forEach(ArrayList.java:1511)
at org.testng.TestRunner.privateRun(TestRunner.java:829)
at org.testng.TestRunner.run(TestRunner.java:602)
at org.testng.SuiteRunner.runTest(SuiteRunner.java:437)
at org.testng.SuiteRunner.runSequentially(SuiteRunner.java:431)
at org.testng.SuiteRunner.privateRun(SuiteRunner.java:391)
at org.testng.SuiteRunner.run(SuiteRunner.java:330)
at org.testng.SuiteRunnerWorker.runSuite(SuiteRunnerWorker.java:52)
at org.testng.SuiteRunnerWorker.run(SuiteRunnerWorker.java:95)
at org.testng.TestNG.runSuitesSequentially(TestNG.java:1256)
at org.testng.TestNG.runSuitesLocally(TestNG.java:1176)
at org.testng.TestNG.runSuites(TestNG.java:1099)
at org.testng.TestNG.run(TestNG.java:1067)
at org.testng.remote.AbstractRemoteTestNG.run(AbstractRemoteTestNG.java:115)
at org.testng.remote.RemoteTestNG.initAndRun(RemoteTestNG.java:251)
at org.testng.remote.RemoteTestNG.main(RemoteTestNG.java:77)
]]>
    </failure>
  </testcase> <!-- getReq -->
  <system-out/>
</testsuite> <!-- com.app.KoinxAssignment.Task1Post -->
